<?xml version="1.0" encoding="UTF-8"?>
<!-- Generated by org.testng.reporters.JUnitReportReporter -->
<testsuite hostname="Kiran" failures="0" tests="3" name="Testng.D02MultipleTests" time="23.378" errors="0" timestamp="2024-06-28T11:37:05 IST" skipped="0">
  <testcase classname="Testng.D02MultipleTests" name="openMeesho" time="8.129"/>
  <system-out/>
  <testcase classname="Testng.D02MultipleTests" name="openMyntra" time="8.596"/>
  <system-out/>
  <testcase classname="Testng.D02MultipleTests" name="openFlipkart" time="6.653"/>
  <system-out/>
</testsuite> <!-- Testng.D02MultipleTests -->
