<?xml version="1.0" encoding="UTF-8"?>
<!-- Generated by org.testng.reporters.JUnitReportReporter -->
<testsuite hostname="Kiran" failures="0" tests="1" name="Testng.D03Before_AfterTest" time="61.552" errors="0" timestamp="2024-06-21T21:23:34 IST" skipped="0">
  <testcase classname="Testng.D03Before_AfterTest" name="login" time="61.552"/>
  <system-out/>
</testsuite> <!-- Testng.D03Before_AfterTest -->
