<?xml version="1.0" encoding="UTF-8"?>
<!-- Generated by org.testng.reporters.JUnitReportReporter -->
<testsuite hostname="Kiran" failures="0" tests="1" name="Testng.Rahulsheety" time="16.026" errors="0" timestamp="2024-06-25T13:50:15 IST" skipped="0">
  <testcase classname="Testng.Rahulsheety" name="loging" time="16.026"/>
  <system-out/>
</testsuite> <!-- Testng.Rahulsheety -->
