<?xml version="1.0" encoding="UTF-8"?>
<!-- Generated by org.testng.reporters.JUnitReportReporter -->
<testsuite hostname="Kiran" failures="0" tests="1" name="finaltestng.D11OHRM_Login_Client" time="4.942" errors="0" timestamp="2024-06-24T10:38:46 IST" skipped="0">
  <testcase classname="finaltestng.D11OHRM_Login_Client" name="f" time="4.942"/>
  <system-out/>
</testsuite> <!-- finaltestng.D11OHRM_Login_Client -->
