<?xml version="1.0" encoding="UTF-8"?>
<!-- Generated by org.testng.reporters.JUnitReportReporter -->
<testsuite hostname="Kiran" failures="0" tests="1" name="Excellsheet.Writethedata" time="0.041" errors="0" timestamp="2024-06-27T13:39:02 IST" skipped="0">
  <testcase classname="Excellsheet.Writethedata" name="writeData" time="0.041"/>
  <system-out/>
</testsuite> <!-- Excellsheet.Writethedata -->
