<?xml version="1.0" encoding="UTF-8"?>
<!-- Generated by org.testng.reporters.JUnitReportReporter -->
<testsuite hostname="Kiran" failures="0" tests="4" name="Excellsheet.owndataupdate" time="0.055" errors="0" timestamp="2024-06-27T17:48:35 IST" skipped="0">
  <testcase classname="Excellsheet.owndataupdate" name="createLoginData" time="0.007"/>
  <system-out/>
  <testcase classname="Excellsheet.owndataupdate" name="createLoginData" time="0.032"/>
  <system-out/>
  <testcase classname="Excellsheet.owndataupdate" name="createLoginData" time="0.007"/>
  <system-out/>
  <testcase classname="Excellsheet.owndataupdate" name="createLoginData" time="0.009"/>
  <system-out/>
</testsuite> <!-- Excellsheet.owndataupdate -->
