<?xml version="1.0" encoding="UTF-8"?>
<!-- Generated by org.testng.reporters.JUnitReportReporter -->
<testsuite hostname="Kiran" failures="0" tests="4" name="Excellsheet.D14LoginToOHRM_DDF" time="16.447" errors="0" timestamp="2024-06-27T18:11:31 IST" skipped="0">
  <testcase classname="Excellsheet.D14LoginToOHRM_DDF" name="loginToOHRM" time="2.869"/>
  <system-out/>
  <testcase classname="Excellsheet.D14LoginToOHRM_DDF" name="loginToOHRM" time="4.489"/>
  <system-out/>
  <testcase classname="Excellsheet.D14LoginToOHRM_DDF" name="loginToOHRM" time="6.197"/>
  <system-out/>
  <testcase classname="Excellsheet.D14LoginToOHRM_DDF" name="loginToOHRM" time="2.892"/>
  <system-out/>
</testsuite> <!-- Excellsheet.D14LoginToOHRM_DDF -->
