<?xml version="1.0" encoding="UTF-8"?>
<!-- Generated by org.testng.reporters.JUnitReportReporter -->
<testsuite hostname="Kiran" failures="0" tests="1" name="Testng.Rahulsheety2" time="1.131" errors="0" timestamp="2024-06-25T18:29:05 IST" skipped="0">
  <testcase classname="Testng.Rahulsheety2" name="f" time="1.131"/>
  <system-out/>
</testsuite> <!-- Testng.Rahulsheety2 -->
