<?xml version="1.0" encoding="UTF-8"?>
<!-- Generated by org.testng.reporters.JUnitReportReporter -->
<testsuite hostname="Kiran" failures="0" tests="1" name="finaltestng.POM02" time="7.050" errors="0" timestamp="2024-06-23T20:07:30 IST" skipped="0">
  <testcase classname="finaltestng.POM02" name="login" time="7.050"/>
  <system-out/>
</testsuite> <!-- finaltestng.POM02 -->
