<?xml version="1.0" encoding="UTF-8"?>
<!-- Generated by org.testng.reporters.JUnitReportReporter -->
<testsuite hostname="Kiran" failures="0" tests="4" name="Excellsheet.D12CreateLoginFile" time="0.041" errors="0" timestamp="2024-06-27T18:10:10 IST" skipped="0">
  <testcase classname="Excellsheet.D12CreateLoginFile" name="createLoginData" time="0.006"/>
  <system-out/>
  <testcase classname="Excellsheet.D12CreateLoginFile" name="createLoginData" time="0.019"/>
  <system-out/>
  <testcase classname="Excellsheet.D12CreateLoginFile" name="createLoginData" time="0.006"/>
  <system-out/>
  <testcase classname="Excellsheet.D12CreateLoginFile" name="createLoginData" time="0.010"/>
  <system-out/>
</testsuite> <!-- Excellsheet.D12CreateLoginFile -->
