<?xml version="1.0" encoding="UTF-8"?>
<!-- Generated by org.testng.reporters.JUnitReportReporter -->
<testsuite hostname="Kiran" failures="0" tests="1" name="Testng.NewTest" time="28.763" errors="0" timestamp="2024-06-20T22:47:44 IST" skipped="0">
  <testcase classname="Testng.NewTest" name="openMeesho" time="28.763"/>
  <system-out/>
</testsuite> <!-- Testng.NewTest -->
