<?xml version="1.0" encoding="UTF-8"?>
<!-- Generated by org.testng.reporters.JUnitReportReporter -->
<testsuite hostname="Kiran" failures="0" tests="2" name="Excellsheet.D13ReadFromExcel" time="0.029" errors="0" timestamp="2024-06-27T16:05:48 IST" skipped="1">
  <testcase classname="Excellsheet.D13ReadFromExcel" name="readAllData" time="0.029"/>
  <system-out/>
  <testcase classname="Excellsheet.D13ReadFromExcel" name="readData">
    <skipped/>
  </testcase> <!-- readData -->
  <system-out/>
</testsuite> <!-- Excellsheet.D13ReadFromExcel -->
