<?xml version="1.0" encoding="UTF-8"?>
<!-- Generated by org.testng.reporters.JUnitReportReporter -->
<testsuite hostname="Kiran" failures="0" tests="1" name="finaltestng.Testng02" time="113.658" errors="0" timestamp="2024-06-24T18:13:08 IST" skipped="0">
  <testcase classname="finaltestng.Testng02" name="login" time="113.658"/>
  <system-out/>
</testsuite> <!-- finaltestng.Testng02 -->
